<?xml version="1.0" encoding="UTF-8"?>
<!-- Generated by org.testng.reporters.JUnitXMLReporter -->
<testsuite ignored="0" hostname="192.168.0.113" failures="1" tests="2" name="User Tests" time="3.63" errors="0" timestamp="2025-02-20T00:27:56 IST">
  <testcase classname="com.apar.testscripts.CreateBooking" name="createBooking" time="2.142"/>
  <testcase classname="com.apar.testscripts.GetBookingById" name="getBookDetails" time="1.478">
    <failure type="java.lang.AssertionError" message="expected [testFirstName] but found [null]">
      <![CDATA[java.lang.AssertionError: expected [testFirstName] but found [null]
at com.apar.testscripts.GetBookingById.getBookDetails(GetBookingById.java:53)
at java.base/java.util.ArrayList.forEach(ArrayList.java:1511)
... Removed 33 stack frames]]>
    </failure>
  </testcase> <!-- getBookDetails -->
</testsuite> <!-- User Tests -->
